2003.06.18 22:23 B C:\srbtools\Contents.m <-- gas /opt1/srbtools Contents.m
2003.06.18 22:23 B C:\srbtools\pspec2dpsv.m <-- gas /opt1/srbtools pspec2dpsv.m
2003.06.18 22:23 B C:\srbtools\spsyngs3.m <-- gas /opt1/srbtools spsyngs3.m
2003.06.18 22:23 B C:\srbtools\acfprofile.m <-- gas /opt1/srbtools acfprofile.m
2003.06.18 22:23 B C:\srbtools\ezbond.m <-- gas /opt1/srbtools ezbond.m
2003.06.18 22:23 B C:\srbtools\2002Contents.m <-- gas /opt1/srbtools 2002Contents.m
2003.06.18 22:23 B C:\srbtools\ibm2num.m <-- gas /opt1/srbtools ibm2num.m
2003.06.18 22:23 B C:\srbtools\eimp.m <-- gas /opt1/srbtools eimp.m
2003.06.18 22:23 B C:\srbtools\eimp2.m <-- gas /opt1/srbtools eimp2.m
2003.06.18 22:23 B C:\srbtools\readsegy.m <-- gas /opt1/srbtools readsegy.m
2003.06.18 22:23 B C:\srbtools\readsegy_old.m <-- gas /opt1/srbtools readsegy_old.m
2003.06.18 22:23 B C:\srbtools\monteccdf.m <-- gas /opt1/srbtools monteccdf.m
2003.06.18 22:23 B C:\srbtools\loadlas.m <-- gas /opt1/srbtools loadlas.m
2003.06.18 22:23 B C:\srbtools\ezseis.m <-- gas /opt1/srbtools ezseis.m
2003.06.18 22:23 B C:\srbtools\2000Contents.m <-- gas /opt1/srbtools 2000Contents.m
2003.06.18 22:23 B C:\srbtools\monte.m <-- gas /opt1/srbtools monte.m
2003.06.18 22:23 B C:\srbtools\hist3d.m <-- gas /opt1/srbtools hist3d.m
2003.06.18 22:23 B C:\srbtools\WylGregE.m <-- gas /opt1/srbtools WylGregE.m
2003.06.18 22:23 B C:\srbtools\Tixier.m <-- gas /opt1/srbtools Tixier.m
2003.06.18 22:23 B C:\srbtools\Timur.m <-- gas /opt1/srbtools Timur.m
2003.06.18 22:23 B C:\srbtools\Rvavrycuk.m <-- gas /opt1/srbtools Rvavrycuk.m
2003.06.18 22:23 B C:\srbtools\Rruger.m <-- gas /opt1/srbtools Rruger.m
2003.06.18 22:23 B C:\srbtools\Rorsym.m <-- gas /opt1/srbtools Rorsym.m
2003.06.18 22:23 B C:\srbtools\RevilE.m <-- gas /opt1/srbtools RevilE.m
2003.06.18 22:23 B C:\srbtools\PermMenu.m <-- gas /opt1/srbtools PermMenu.m
2003.06.18 22:23 B C:\srbtools\PandaLakeKCE.m <-- gas /opt1/srbtools PandaLakeKCE.m
2003.06.18 22:23 B C:\srbtools\PandaLake.m <-- gas /opt1/srbtools PandaLake.m
2003.06.18 22:23 B C:\srbtools\Owolabi.m <-- gas /opt1/srbtools Owolabi.m
2003.06.18 22:23 B C:\srbtools\ModKozCarm.m <-- gas /opt1/srbtools ModKozCarm.m
2003.06.18 22:23 B C:\srbtools\KozCarmE.m <-- gas /opt1/srbtools KozCarmE.m
2003.06.18 22:23 B C:\srbtools\Johnson.m <-- gas /opt1/srbtools Johnson.m
2003.06.18 22:23 B C:\srbtools\John_Makse.m <-- gas /opt1/srbtools John_Makse.m
2003.06.18 22:23 B C:\srbtools\hudsonF.m <-- gas /opt1/srbtools hudsonF.m
2003.06.18 22:23 B C:\srbtools\hudsoncone.m <-- gas /opt1/srbtools hudsoncone.m
2003.06.18 22:23 B C:\srbtools\hudson3.m <-- gas /opt1/srbtools hudson3.m
2003.06.18 22:23 B C:\srbtools\hertzmindv.m <-- gas /opt1/srbtools hertzmindv.m
2003.06.18 22:23 B C:\srbtools\FredrichE.m <-- gas /opt1/srbtools FredrichE.m
2003.06.18 22:23 B C:\srbtools\Coates.m <-- gas /opt1/srbtools Coates.m
2003.06.18 22:23 B C:\srbtools\CoatDum.m <-- gas /opt1/srbtools CoatDum.m
2003.06.18 22:23 B C:\srbtools\Bloch.m <-- gas /opt1/srbtools Bloch.m
2003.06.18 22:23 B C:\srbtools\BernabeE.m <-- gas /opt1/srbtools BernabeE.m
2003.06.18 22:23 B C:\srbtools\hertzmind.m <-- gas /opt1/srbtools hertzmind.m
2003.06.18 22:23 B C:\srbtools\avops.m <-- gas /opt1/srbtools avops.m
2003.06.18 22:23 B C:\srbtools\avopp.m <-- gas /opt1/srbtools avopp.m
2003.06.18 22:23 B C:\srbtools\avo_abe.mold <-- gas /opt1/srbtools avo_abe.mold
2003.06.18 22:23 B C:\srbtools\avo_abe.m <-- gas /opt1/srbtools avo_abe.m
2003.06.18 22:23 B C:\srbtools\hashv.m <-- gas /opt1/srbtools hashv.m
2003.06.18 22:23 B C:\srbtools\hash.m <-- gas /opt1/srbtools hash.m
2003.06.18 22:23 B C:\srbtools\t2dwl.m <-- gas /opt1/srbtools t2dwl.m
2003.06.18 22:23 B C:\srbtools\quickseis.m <-- gas /opt1/srbtools quickseis.m
2003.06.18 22:23 B C:\srbtools\pdfbayes.m <-- gas /opt1/srbtools pdfbayes.m
2003.06.18 22:23 B C:\srbtools\bayesclass.m <-- gas /opt1/srbtools bayesclass.m
2003.06.18 22:23 B C:\srbtools\hist2d.m <-- gas /opt1/srbtools hist2d.m
2003.06.18 22:23 B C:\srbtools\mchudson.m <-- gas /opt1/srbtools mchudson.m
2003.06.18 22:23 B C:\srbtools\hudson.m <-- gas /opt1/srbtools hudson.m
2003.06.18 22:23 B C:\srbtools\cti2v.m <-- gas /opt1/srbtools cti2v.m
2003.06.18 22:23 B C:\srbtools\lplot.m <-- gas /opt1/srbtools lplot.m
2003.06.18 22:23 B C:\srbtools\Rruger_old.m <-- gas /opt1/srbtools Rruger_old.m
2003.06.18 22:24 B C:\srbtools\lplot_old.m <-- gas /opt1/srbtools lplot_old.m
2003.06.18 22:24 B C:\srbtools\flsubk.m <-- gas /opt1/srbtools flsubk.m
2003.06.18 22:24 B C:\srbtools\flsub.m <-- gas /opt1/srbtools flsub.m
2003.06.18 22:24 B C:\srbtools\ezseis_old.m <-- gas /opt1/srbtools ezseis_old.m
2003.06.18 22:24 B C:\srbtools\terncont.m <-- gas /opt1/srbtools terncont.m
2003.06.18 22:24 B C:\srbtools\exportfig.m <-- gas /opt1/srbtools exportfig.m
2003.06.18 22:24 B C:\srbtools\mirrhist.m <-- gas /opt1/srbtools mirrhist.m
2003.06.18 22:24 B C:\srbtools\waltonv.m <-- gas /opt1/srbtools waltonv.m
2003.06.18 22:24 B C:\srbtools\CSiso.m <-- gas /opt1/srbtools CSiso.m
2003.06.18 22:24 B C:\srbtools\bkuslog.m <-- gas /opt1/srbtools bkuslog.m
2003.06.18 22:24 B C:\srbtools\bkusc.m <-- gas /opt1/srbtools bkusc.m
2003.06.18 22:24 B C:\srbtools\BKs2s.m <-- gas /opt1/srbtools BKs2s.m
2003.06.18 22:24 B C:\srbtools\BKs2d.m <-- gas /opt1/srbtools BKs2d.m
2003.06.18 22:24 B C:\srbtools\BKd2s.m <-- gas /opt1/srbtools BKd2s.m
2003.06.18 22:24 B C:\srbtools\BKc2c.m <-- gas /opt1/srbtools BKc2c.m
2003.06.18 22:24 B C:\srbtools\1999Contents.m <-- gas /opt1/srbtools 1999Contents.m
2003.06.18 22:24 B C:\srbtools\stoltmod.m <-- gas /opt1/srbtools stoltmod.m
2003.06.18 22:24 B C:\srbtools\stoltmig.m <-- gas /opt1/srbtools stoltmig.m
2003.06.18 22:24 B C:\srbtools\kirchmig.m <-- gas /opt1/srbtools kirchmig.m
2003.06.18 22:24 B C:\srbtools\kirchadj.m <-- gas /opt1/srbtools kirchadj.m
2003.06.18 22:24 B C:\srbtools\gazadj.m <-- gas /opt1/srbtools gazadj.m
2003.06.18 22:24 B C:\srbtools\ft2axis.m <-- gas /opt1/srbtools ft2axis.m
2003.06.18 22:24 B C:\srbtools\ft1axis.m <-- gas /opt1/srbtools ft1axis.m
2003.06.18 22:24 B C:\srbtools\lplotseis2.m <-- gas /opt1/srbtools lplotseis2.m
2003.06.18 22:24 B C:\srbtools\lplotseis.m <-- gas /opt1/srbtools lplotseis.m
2003.06.18 22:24 B C:\srbtools\born2d.m <-- gas /opt1/srbtools born2d.m
2003.06.18 22:24 B C:\srbtools\writegeoeas.m <-- gas /opt1/srbtools writegeoeas.m
2003.06.18 22:24 B C:\srbtools\loadgeoeas.m <-- gas /opt1/srbtools loadgeoeas.m
2003.06.18 22:24 B C:\srbtools\ternary.m <-- gas /opt1/srbtools ternary.m
2003.06.18 22:24 B C:\srbtools\co2propdata.mat <-- gas /opt1/srbtools co2propdata.mat
2003.06.18 22:24 B C:\srbtools\co2prop.m <-- gas /opt1/srbtools co2prop.m
2003.06.18 22:24 B C:\srbtools\nmo0.m <-- gas /opt1/srbtools nmo0.m
2003.06.18 22:24 B C:\srbtools\Unconsol.m <-- gas /opt1/srbtools Unconsol.m
2003.06.18 22:24 B C:\srbtools\hudson1.m <-- gas /opt1/srbtools hudson1.m
2003.06.18 22:24 B C:\srbtools\source.m <-- gas /opt1/srbtools source.m
2003.06.18 22:24 B C:\srbtools\pspec2dsh.m <-- gas /opt1/srbtools pspec2dsh.m
2003.06.18 22:24 B C:\srbtools\Cem.m <-- gas /opt1/srbtools Cem.m
2003.06.18 22:24 B C:\srbtools\bornfx.m <-- gas /opt1/srbtools bornfx.m
2003.06.18 22:24 B C:\srbtools\squirt.m <-- gas /opt1/srbtools squirt.m
2003.06.18 22:24 B C:\srbtools\berryscp.m <-- gas /opt1/srbtools berryscp.m
2003.06.18 22:24 B C:\srbtools\seisplot.m <-- gas /opt1/srbtools seisplot.m
2003.06.18 22:24 B C:\srbtools\berrysc.m <-- gas /opt1/srbtools berrysc.m
2003.06.18 22:24 B C:\srbtools\bound.m <-- gas /opt1/srbtools bound.m
2003.06.18 22:24 B C:\srbtools\t2dwlvrms.m <-- gas /opt1/srbtools t2dwlvrms.m
2003.06.18 22:24 B C:\srbtools\iatrib.m <-- gas /opt1/srbtools iatrib.m
2003.06.18 22:24 B C:\srbtools\kennet.m <-- gas /opt1/srbtools kennet.m
2003.06.18 22:24 B C:\srbtools\fspecial3.m <-- gas /opt1/srbtools fspecial3.m
2003.06.18 22:24 B C:\srbtools\fspecial1.m <-- gas /opt1/srbtools fspecial1.m
2003.06.18 22:24 B C:\srbtools\fftplot.m <-- gas /opt1/srbtools fftplot.m
2003.06.18 22:24 B C:\srbtools\entropy.m <-- gas /opt1/srbtools entropy.m
2003.06.18 22:24 B C:\srbtools\lselect.m <-- gas /opt1/srbtools lselect.m
2003.06.18 22:24 B C:\srbtools\vspplot.m <-- gas /opt1/srbtools vspplot.m
2003.06.18 22:24 B C:\srbtools\spsyngs.m <-- gas /opt1/srbtools spsyngs.m
2003.06.18 22:24 B C:\srbtools\plotxyband.m <-- gas /opt1/srbtools plotxyband.m
2003.06.18 22:24 B C:\srbtools\bandlplot.m <-- gas /opt1/srbtools bandlplot.m
2003.06.18 22:24 B C:\srbtools\hudson1.m_old <-- gas /opt1/srbtools hudson1.m_old
2003.06.18 22:24 B C:\srbtools\echeng.m <-- gas /opt1/srbtools echeng.m
2003.06.18 22:24 B C:\srbtools\gassmnv.m <-- gas /opt1/srbtools gassmnv.m
2003.06.18 22:24 B C:\srbtools\critpor.m <-- gas /opt1/srbtools critpor.m
2003.06.18 22:24 B C:\srbtools\flpropui.m <-- gas /opt1/srbtools flpropui.m
2003.06.18 22:24 B C:\srbtools\ezseis2.m <-- gas /opt1/srbtools ezseis2.m
2003.06.18 22:24 B C:\srbtools\ezseis99.m <-- gas /opt1/srbtools ezseis99.m
2003.06.18 22:24 B C:\srbtools\writesegy.m <-- gas /opt1/srbtools writesegy.m
2003.06.18 22:24 B C:\srbtools\header.m <-- gas /opt1/srbtools header.m
2003.06.18 22:24 B C:\srbtools\zslidercb.m <-- gas /opt1/srbtools zslidercb.m
2003.06.18 22:24 B C:\srbtools\zbtncb.m <-- gas /opt1/srbtools zbtncb.m
2003.06.18 22:24 B C:\srbtools\yslidercb.m <-- gas /opt1/srbtools yslidercb.m
2003.06.18 22:24 B C:\srbtools\ybtncb.m <-- gas /opt1/srbtools ybtncb.m
2003.06.18 22:24 B C:\srbtools\xslidercb.m <-- gas /opt1/srbtools xslidercb.m
2003.06.18 22:24 B C:\srbtools\xbtncb.m <-- gas /opt1/srbtools xbtncb.m
2003.06.18 22:24 B C:\srbtools\slice3u.m <-- gas /opt1/srbtools slice3u.m
2003.06.18 22:24 B C:\srbtools\slice3d.m <-- gas /opt1/srbtools slice3d.m
2003.06.18 22:24 B C:\srbtools\ssort.m <-- gas /opt1/srbtools ssort.m
2003.06.18 22:24 B C:\srbtools\seisrwb.m <-- gas /opt1/srbtools seisrwb.m
2003.06.18 22:24 B C:\srbtools\segy.mat <-- gas /opt1/srbtools segy.mat
2003.06.18 22:24 B C:\srbtools\lzoom.m <-- gas /opt1/srbtools lzoom.m
2003.06.18 22:24 B C:\srbtools\lplotmw.m <-- gas /opt1/srbtools lplotmw.m
2003.06.18 22:24 B C:\srbtools\extract.m <-- gas /opt1/srbtools extract.m
2003.06.18 22:24 B C:\srbtools\countsegy.mat <-- gas /opt1/srbtools countsegy.mat
2003.06.18 22:24 B C:\srbtools\agc.m <-- gas /opt1/srbtools agc.m
2003.06.18 22:24 B C:\srbtools\t2dvf.m <-- gas /opt1/srbtools t2dvf.m
2003.06.18 22:24 B C:\srbtools\logax.m <-- gas /opt1/srbtools logax.m
2003.06.18 22:24 B C:\srbtools\outputdlg.m <-- gas /opt1/srbtools outputdlg.m
2003.06.18 22:24 B C:\srbtools\lplotseisrwb.m <-- gas /opt1/srbtools lplotseisrwb.m
2003.06.18 22:24 B C:\srbtools\agc_orig.m <-- gas /opt1/srbtools agc_orig.m
2003.06.18 22:24 B C:\srbtools\flprop.m <-- gas /opt1/srbtools flprop.m
2003.06.18 22:24 B C:\srbtools\d2t.m <-- gas /opt1/srbtools d2t.m
2003.06.18 22:24 B C:\srbtools\blockav.m <-- gas /opt1/srbtools blockav.m
2003.06.18 22:24 B C:\srbtools\batzleui.m <-- gas /opt1/srbtools batzleui.m
2003.06.18 22:24 B C:\srbtools\batzle.m <-- gas /opt1/srbtools batzle.m
2003.06.18 22:24 B C:\srbtools\kenfdisp.m <-- gas /opt1/srbtools kenfdisp.m
2003.06.18 22:24 B C:\srbtools\wigplot.m <-- gas /opt1/srbtools wigplot.m
2003.06.18 22:24 B C:\srbtools\walton.m <-- gas /opt1/srbtools walton.m
2003.06.18 22:24 B C:\srbtools\stdlin.m <-- gas /opt1/srbtools stdlin.m
2003.06.18 22:24 B C:\srbtools\ssplot.m <-- gas /opt1/srbtools ssplot.m
2003.06.18 22:24 B C:\srbtools\spsynfrac.m <-- gas /opt1/srbtools spsynfrac.m
2003.06.18 22:24 B C:\srbtools\spsynexp.m <-- gas /opt1/srbtools spsynexp.m
2003.06.18 22:24 B C:\srbtools\sourcewvlt.m <-- gas /opt1/srbtools sourcewvlt.m
2003.06.18 22:24 B C:\srbtools\pgator.m <-- gas /opt1/srbtools pgator.m
2003.06.18 22:24 B C:\srbtools\patchw.m <-- gas /opt1/srbtools patchw.m
2003.06.18 22:24 B C:\srbtools\kenfrtt.m <-- gas /opt1/srbtools kenfrtt.m
2003.06.18 22:24 B C:\srbtools\gassmnk.m <-- gas /opt1/srbtools gassmnk.m
2003.06.18 22:24 B C:\srbtools\fastfurdx2dz2.m <-- gas /opt1/srbtools fastfurdx2dz2.m
2003.06.18 22:24 B C:\srbtools\ezseis1.m <-- gas /opt1/srbtools ezseis1.m
2003.06.18 22:24 B C:\srbtools\demyprime.m <-- gas /opt1/srbtools demyprime.m
2003.06.18 22:24 B C:\srbtools\dem1.m <-- gas /opt1/srbtools dem1.m
2003.06.18 22:24 B C:\srbtools\dem.m <-- gas /opt1/srbtools dem.m
2003.06.18 22:24 B C:\srbtools\bkti.m <-- gas /opt1/srbtools bkti.m
2003.06.18 22:24 B C:\srbtools\biothfb.m <-- gas /opt1/srbtools biothfb.m
2003.06.18 22:24 B C:\srbtools\biothf.m <-- gas /opt1/srbtools biothf.m
2003.06.18 22:24 B C:\srbtools\biot.m <-- gas /opt1/srbtools biot.m
2003.06.18 22:24 B C:\srbtools\berryscm.m <-- gas /opt1/srbtools berryscm.m
2003.06.18 22:24 B C:\srbtools\anspsyngs2.m <-- gas /opt1/srbtools anspsyngs2.m
2003.06.18 22:24 B C:\srbtools\anspsynfr2.m <-- gas /opt1/srbtools anspsynfr2.m
2003.06.18 22:24 B C:\srbtools\flsubdlg.m <-- gas /opt1/srbtools flsubdlg.m
2003.06.18 22:24 B C:\srbtools\bwoutdlg.m <-- gas /opt1/srbtools bwoutdlg.m
2003.06.18 22:24 B C:\srbtools\seisplot_old.m <-- gas /opt1/srbtools seisplot_old.m
2003.06.18 22:24 B C:\srbtools\rwb256.m <-- gas /opt1/srbtools rwb256.m
2003.06.18 22:24 B C:\srbtools\rwb.m <-- gas /opt1/srbtools rwb.m
2003.06.18 22:24 B C:\srbtools\fldsubimg.m <-- gas /opt1/srbtools fldsubimg.m
2003.06.18 22:24 B C:\srbtools\bandpass.m <-- gas /opt1/srbtools bandpass.m
2003.06.18 22:24 B C:\srbtools\smooth.m <-- gas /opt1/srbtools smooth.m
2003.06.18 22:24 B C:\srbtools\f21.m <-- gas /opt1/srbtools f21.m
2003.06.18 22:24 B C:\srbtools\v2lm.m <-- gas /opt1/srbtools v2lm.m
2003.06.18 22:24 B C:\srbtools\ode45m.m <-- gas /opt1/srbtools ode45m.m
2003.06.18 22:24 B C:\srbtools\bornfiltcp.m <-- gas /opt1/srbtools bornfiltcp.m
2003.06.18 22:24 B C:\srbtools\bornfilt.m <-- gas /opt1/srbtools bornfilt.m
2003.06.18 22:24 B C:\srbtools\cgplus.m <-- gas /opt1/srbtools cgplus.m
2003.06.18 22:24 B C:\srbtools\minrescg.m <-- gas /opt1/srbtools minrescg.m
2003.06.18 22:24 B C:\srbtools\spsyngs2.m <-- gas /opt1/srbtools spsyngs2.m
2003.06.18 22:24 B C:\srbtools\spsynfrac2.m <-- gas /opt1/srbtools spsynfrac2.m
2003.06.18 22:24 B C:\srbtools\ku2v.m <-- gas /opt1/srbtools ku2v.m
2003.06.18 22:24 B C:\srbtools\v2ku.m <-- gas /opt1/srbtools v2ku.m
2003.06.18 22:24 B C:\srbtools\v2cti.m <-- gas /opt1/srbtools v2cti.m
2003.06.18 22:24 B C:\srbtools\mmti.m <-- gas /opt1/srbtools mmti.m
2003.06.18 22:24 B C:\srbtools\lm2v.m <-- gas /opt1/srbtools lm2v.m
2003.06.18 22:24 B C:\srbtools\c2vti.m <-- gas /opt1/srbtools c2vti.m
2003.06.18 22:24 B C:\srbtools\c2sti.m <-- gas /opt1/srbtools c2sti.m
2003.06.18 22:24 B C:\srbtools\c2anis.m <-- gas /opt1/srbtools c2anis.m
2003.06.18 22:24 B C:\srbtools\bkus.m <-- gas /opt1/srbtools bkus.m
2003.06.18 22:24 B C:\srbtools\Weight.m <-- gas /opt1/srbtools Weight.m
2003.06.18 22:24 B C:\srbtools\spsynps.m.NR <-- gas /opt1/srbtools spsynps.m.NR
2003.06.18 22:24 B C:\srbtools\biothfgs.m <-- gas /opt1/srbtools biothfgs.m
2003.06.18 22:24 B C:\srbtools\f26.m <-- gas /opt1/srbtools f26.m
2003.06.18 22:24 B C:\srbtools\f25.m <-- gas /opt1/srbtools f25.m
2003.06.18 22:24 B C:\srbtools\f24.m <-- gas /opt1/srbtools f24.m
2003.06.18 22:24 B C:\srbtools\f23.m <-- gas /opt1/srbtools f23.m
2003.06.18 22:24 B C:\srbtools\f22.m <-- gas /opt1/srbtools f22.m
2003.11.13 10:39 B C:\srbtools\eimp2.m --> pangea /home/gp/tapan eimp2.m
2003.11.13 10:39 B C:\srbtools\eimp.m --> pangea /home/gp/tapan eimp.m
2004.10.26 12:02 B C:\srbtools\scatterqq3.m <-- pangea /home/gp/mukerji/Mail scatterqq3.m
2004.10.26 12:02 B C:\srbtools\scatterqq.m <-- pangea /home/gp/mukerji/Mail scatterqq.m
