2003.06.18 22:23 B C:\srbtools\private\str2cell.m <-- gas /opt1/srbtools/private str2cell.m
2003.06.18 22:23 B C:\srbtools\private\pdfstat.m <-- gas /opt1/srbtools/private pdfstat.m
2003.06.18 22:23 B C:\srbtools\private\pdfshape.m <-- gas /opt1/srbtools/private pdfshape.m
2003.06.18 22:23 B C:\srbtools\private\pdfgendraw.m <-- gas /opt1/srbtools/private pdfgendraw.m
2003.06.18 22:23 B C:\srbtools\private\histnd.m <-- gas /opt1/srbtools/private histnd.m
2003.06.18 22:23 B C:\srbtools\private\hist3d.m <-- gas /opt1/srbtools/private hist3d.m
2003.06.18 22:23 B C:\srbtools\private\hist2ds.m <-- gas /opt1/srbtools/private hist2ds.m
2003.06.18 22:23 B C:\srbtools\private\hist1d.m <-- gas /opt1/srbtools/private hist1d.m
2003.06.18 22:23 B C:\srbtools\private\fspecials.m <-- gas /opt1/srbtools/private fspecials.m
2003.06.18 22:23 B C:\srbtools\private\fspecial3s.m <-- gas /opt1/srbtools/private fspecial3s.m
2003.06.18 22:23 B C:\srbtools\private\fspecial2s.m <-- gas /opt1/srbtools/private fspecial2s.m
2003.06.18 22:23 B C:\srbtools\private\filterdefine.m <-- gas /opt1/srbtools/private filterdefine.m
2003.06.18 22:23 B C:\srbtools\private\figure_3d.m <-- gas /opt1/srbtools/private figure_3d.m
2003.06.18 22:23 B C:\srbtools\private\figure_2d.m <-- gas /opt1/srbtools/private figure_2d.m
2003.06.18 22:23 B C:\srbtools\private\figure_23d.m <-- gas /opt1/srbtools/private figure_23d.m
2003.06.18 22:23 B C:\srbtools\private\figure_1d.m <-- gas /opt1/srbtools/private figure_1d.m
2003.06.18 22:23 B C:\srbtools\private\figure_13d.m <-- gas /opt1/srbtools/private figure_13d.m
2003.06.18 22:23 B C:\srbtools\private\figure_12d.m <-- gas /opt1/srbtools/private figure_12d.m
2003.06.18 22:23 B C:\srbtools\private\figure_123.m <-- gas /opt1/srbtools/private figure_123.m
2003.06.18 22:23 B C:\srbtools\private\figure3d_3.m <-- gas /opt1/srbtools/private figure3d_3.m
2003.06.18 22:23 B C:\srbtools\private\figure3d_2.m <-- gas /opt1/srbtools/private figure3d_2.m
2003.06.18 22:23 B C:\srbtools\private\figure3d_1.m <-- gas /opt1/srbtools/private figure3d_1.m
2003.06.18 22:23 B C:\srbtools\private\figure3d.m <-- gas /opt1/srbtools/private figure3d.m
2003.06.18 22:23 B C:\srbtools\private\figure2d.m <-- gas /opt1/srbtools/private figure2d.m
2003.06.18 22:23 B C:\srbtools\private\edgecol2facecol.m <-- gas /opt1/srbtools/private edgecol2facecol.m
2003.06.18 22:23 B C:\srbtools\private\edgecol2col.m <-- gas /opt1/srbtools/private edgecol2col.m
2003.06.18 22:23 B C:\srbtools\private\cpdf.m <-- gas /opt1/srbtools/private cpdf.m
2003.06.18 22:23 B C:\srbtools\private\colormarkerset.m <-- gas /opt1/srbtools/private colormarkerset.m
2003.06.18 22:23 B C:\srbtools\private\centropy.m <-- gas /opt1/srbtools/private centropy.m
2003.06.18 22:23 B C:\srbtools\private\begin.m <-- gas /opt1/srbtools/private begin.m
2003.06.18 22:23 B C:\srbtools\private\bayesclass.m <-- gas /opt1/srbtools/private bayesclass.m
2003.06.18 22:23 B C:\srbtools\private\bayes.m <-- gas /opt1/srbtools/private bayes.m
